<?xml version="1.0" encoding="UTF-8"?>
<!-- Generated by org.testng.reporters.JUnitReportReporter -->
<testsuite hostname="DESKTOP-DDCEQUV" failures="0" tests="1" name="testngpack.Sumo" time="0.009" errors="0" timestamp="2022-06-03T20:14:20 GMT-07:00" skipped="0">
  <testcase classname="testngpack.Sumo" name="f" time="0.009"/>
  <system-out>
    <![CDATA[DEMO CLASS METHOD c()]]>
  </system-out>
</testsuite> <!-- testngpack.Sumo -->
