<?xml version="1.0" encoding="UTF-8"?>
<!-- Generated by org.testng.reporters.JUnitReportReporter -->
<testsuite hostname="DESKTOP-DDCEQUV" failures="0" tests="9" name="TestNGFlags.Flag7" time="0.020" errors="0" timestamp="2022-06-15T04:53:15 GMT-07:00" skipped="0">
  <testcase classname="TestNGFlags.Flag7" name="It1" time="0.001"/>
  <system-out>
    <![CDATA[It1]]>
  </system-out>
  <testcase classname="TestNGFlags.Flag7" name="St3" time="0.001"/>
  <system-out>
    <![CDATA[st1]]>
  </system-out>
  <testcase classname="TestNGFlags.Flag7" name="Ft2" time="0.001"/>
  <system-out>
    <![CDATA[ft1]]>
  </system-out>
  <testcase classname="TestNGFlags.Flag7" name="Ft1" time="0.009"/>
  <system-out>
    <![CDATA[ft1]]>
  </system-out>
  <testcase classname="TestNGFlags.Flag7" name="It2" time="0.002"/>
  <system-out>
    <![CDATA[It1]]>
  </system-out>
  <testcase classname="TestNGFlags.Flag7" name="St1" time="0.002"/>
  <system-out>
    <![CDATA[st1]]>
  </system-out>
  <testcase classname="TestNGFlags.Flag7" name="St2" time="0.001"/>
  <system-out>
    <![CDATA[st1]]>
  </system-out>
  <testcase classname="TestNGFlags.Flag7" name="Ft3" time="0.001"/>
  <system-out>
    <![CDATA[ft1]]>
  </system-out>
  <testcase classname="TestNGFlags.Flag7" name="It3" time="0.002"/>
  <system-out>
    <![CDATA[It1]]>
  </system-out>
</testsuite> <!-- TestNGFlags.Flag7 -->
