<?xml version="1.0" encoding="UTF-8"?>
<!-- Generated by org.testng.reporters.JUnitReportReporter -->
<testsuite hostname="DESKTOP-DDCEQUV" failures="0" tests="9" name="TestNGFlags.Flag41" time="0.030" errors="0" timestamp="2022-06-06T20:55:47 GMT-07:00" skipped="0">
  <testcase classname="TestNGFlags.Flag41" name="k" time="0.002"/>
  <system-out>
    <![CDATA[k]]>
  </system-out>
  <testcase classname="TestNGFlags.Flag41" name="b" time="0.002"/>
  <system-out>
    <![CDATA[b]]>
  </system-out>
  <testcase classname="TestNGFlags.Flag41" name="l" time="0.002"/>
  <system-out>
    <![CDATA[l]]>
  </system-out>
  <testcase classname="TestNGFlags.Flag41" name="g" time="0.002"/>
  <system-out>
    <![CDATA[g]]>
  </system-out>
  <testcase classname="TestNGFlags.Flag41" name="a" time="0.012"/>
  <system-out>
    <![CDATA[a]]>
  </system-out>
  <testcase classname="TestNGFlags.Flag41" name="h" time="0.003"/>
  <system-out>
    <![CDATA[h]]>
  </system-out>
  <testcase classname="TestNGFlags.Flag41" name="p" time="0.004"/>
  <system-out>
    <![CDATA[p]]>
  </system-out>
  <testcase classname="TestNGFlags.Flag41" name="z" time="0.002"/>
  <system-out>
    <![CDATA[z]]>
  </system-out>
  <testcase classname="TestNGFlags.Flag41" name="m" time="0.001"/>
  <system-out>
    <![CDATA[m]]>
  </system-out>
</testsuite> <!-- TestNGFlags.Flag41 -->
