<?xml version="1.0" encoding="UTF-8"?>
<!-- Generated by org.testng.reporters.JUnitReportReporter -->
<testsuite hostname="DESKTOP-DDCEQUV" failures="0" tests="3" name="TestAnnotations.SearchGoogle" time="27.087" errors="0" timestamp="2022-07-13T22:40:01 GMT-07:00" skipped="0">
  <testcase classname="TestAnnotations.SearchGoogle" name="searc1" time="8.994"/>
  <system-out/>
  <testcase classname="TestAnnotations.SearchGoogle" name="searc3" time="7.191"/>
  <system-out/>
  <testcase classname="TestAnnotations.SearchGoogle" name="searc2" time="10.902"/>
  <system-out/>
</testsuite> <!-- TestAnnotations.SearchGoogle -->
