<?xml version="1.0" encoding="UTF-8"?>
<!-- Generated by org.testng.reporters.JUnitReportReporter -->
<testsuite hostname="DESKTOP-DDCEQUV" failures="0" tests="5" name="TestAnnotations.DataProvider" time="20.273" errors="0" timestamp="2022-06-15T05:33:24 GMT-07:00" skipped="0">
  <testcase classname="TestAnnotations.DataProvider" name="loginToActiTime" time="3.880"/>
  <system-out/>
  <testcase classname="TestAnnotations.DataProvider" name="loginToActiTime" time="3.724"/>
  <system-out/>
  <testcase classname="TestAnnotations.DataProvider" name="loginToActiTime" time="4.857"/>
  <system-out/>
  <testcase classname="TestAnnotations.DataProvider" name="loginToActiTime" time="3.901"/>
  <system-out/>
  <testcase classname="TestAnnotations.DataProvider" name="loginToActiTime" time="3.911"/>
  <system-out/>
</testsuite> <!-- TestAnnotations.DataProvider -->
