<?xml version="1.0" encoding="UTF-8"?>
<!-- Generated by org.testng.reporters.JUnitReportReporter -->
<testsuite hostname="DESKTOP-DDCEQUV" failures="0" tests="5" name="TestAnnotations.DataProvider" time="20.321" errors="0" timestamp="2022-07-13T22:37:20 GMT-07:00" skipped="0">
  <testcase classname="TestAnnotations.DataProvider" name="loginToActiTime" time="3.840"/>
  <system-out/>
  <testcase classname="TestAnnotations.DataProvider" name="loginToActiTime" time="5.187"/>
  <system-out/>
  <testcase classname="TestAnnotations.DataProvider" name="loginToActiTime" time="3.722"/>
  <system-out/>
  <testcase classname="TestAnnotations.DataProvider" name="loginToActiTime" time="3.730"/>
  <system-out/>
  <testcase classname="TestAnnotations.DataProvider" name="loginToActiTime" time="3.842"/>
  <system-out/>
</testsuite> <!-- TestAnnotations.DataProvider -->
