<?xml version="1.0" encoding="UTF-8"?>
<!-- Generated by org.testng.reporters.JUnitReportReporter -->
<testsuite hostname="DESKTOP-DDCEQUV" failures="0" tests="1" name="testngpack.Sumo" time="0.008" errors="0" timestamp="2022-07-14T00:11:34 GMT-07:00" skipped="0">
  <testcase classname="testngpack.Sumo" name="f" time="0.008"/>
  <system-out>
    <![CDATA[DEMO CLASS METHOD c()]]>
  </system-out>
</testsuite> <!-- testngpack.Sumo -->
