<?xml version="1.0" encoding="UTF-8"?>
<!-- Generated by org.testng.reporters.JUnitReportReporter -->
<testsuite hostname="DESKTOP-DDCEQUV" failures="0" tests="1" name="testngpack.Demo" time="0.010" errors="0" timestamp="2022-06-03T20:14:45 GMT-07:00" skipped="0">
  <testcase classname="testngpack.Demo" name="a" time="0.010"/>
  <system-out>
    <![CDATA[DEMO CLASS METHOD a()]]>
  </system-out>
</testsuite> <!-- testngpack.Demo -->
