<?xml version="1.0" encoding="UTF-8"?>
<!-- Generated by org.testng.reporters.JUnitReportReporter -->
<testsuite hostname="DESKTOP-DDCEQUV" failures="0" tests="9" name="TestNGFlags.Flag4" time="0.019" errors="0" timestamp="2022-06-06T20:53:36 GMT-07:00" skipped="0">
  <testcase classname="TestNGFlags.Flag4" name="g" time="0.001"/>
  <system-out>
    <![CDATA[g]]>
  </system-out>
  <testcase classname="TestNGFlags.Flag4" name="p" time="0.002"/>
  <system-out>
    <![CDATA[p]]>
  </system-out>
  <testcase classname="TestNGFlags.Flag4" name="h" time="0.002"/>
  <system-out>
    <![CDATA[h]]>
  </system-out>
  <testcase classname="TestNGFlags.Flag4" name="l" time="0.001"/>
  <system-out>
    <![CDATA[l]]>
  </system-out>
  <testcase classname="TestNGFlags.Flag4" name="a" time="0.009"/>
  <system-out>
    <![CDATA[a]]>
  </system-out>
  <testcase classname="TestNGFlags.Flag4" name="m" time="0.001"/>
  <system-out>
    <![CDATA[m]]>
  </system-out>
  <testcase classname="TestNGFlags.Flag4" name="b" time="0.000"/>
  <system-out>
    <![CDATA[b]]>
  </system-out>
  <testcase classname="TestNGFlags.Flag4" name="k" time="0.002"/>
  <system-out>
    <![CDATA[k]]>
  </system-out>
  <testcase classname="TestNGFlags.Flag4" name="z" time="0.001"/>
  <system-out>
    <![CDATA[z]]>
  </system-out>
</testsuite> <!-- TestNGFlags.Flag4 -->
