<?xml version="1.0" encoding="UTF-8"?>
<!-- Generated by org.testng.reporters.JUnitReportReporter -->
<testsuite hostname="DESKTOP-DDCEQUV" failures="0" tests="4" name="TestNG_Practise.Test_Case" time="2.318" errors="0" timestamp="2022-09-03T07:20:32 GMT-07:00" skipped="0">
  <testcase classname="TestNG_Practise.Test_Case" name="openBrowser" time="1.712"/>
  <system-out/>
  <testcase classname="TestNG_Practise.Test_Case" name="openUrl" time="0.226"/>
  <system-out/>
  <testcase classname="TestNG_Practise.Test_Case" name="Logtout" time="0.197"/>
  <system-out/>
  <testcase classname="TestNG_Practise.Test_Case" name="Login" time="0.183"/>
  <system-out/>
</testsuite> <!-- TestNG_Practise.Test_Case -->
