<?xml version="1.0" encoding="UTF-8"?>
<!-- Generated by org.testng.reporters.JUnitReportReporter -->
<testsuite hostname="DESKTOP-DDCEQUV" failures="0" tests="1" name="TestNGFlags.Flag1" time="0.014" errors="0" timestamp="2022-06-06T20:49:38 GMT-07:00" skipped="0">
  <testcase classname="TestNGFlags.Flag1" name="login" time="0.014"/>
  <system-out>
    <![CDATA[Login is performed]]>
  </system-out>
</testsuite> <!-- TestNGFlags.Flag1 -->
