<?xml version="1.0" encoding="UTF-8"?>
<!-- Generated by org.testng.reporters.JUnitReportReporter -->
<testsuite hostname="DESKTOP-DDCEQUV" failures="0" tests="1" name="testngpack.Remo" time="0.001" errors="0" timestamp="2022-06-03T20:14:20 GMT-07:00" skipped="0">
  <testcase classname="testngpack.Remo" name="b" time="0.001"/>
  <system-out>
    <![CDATA[ERMO CLASS METHOD b()]]>
  </system-out>
</testsuite> <!-- testngpack.Remo -->
