<?xml version="1.0" encoding="UTF-8"?>
<!-- Generated by org.testng.reporters.JUnitReportReporter -->
<testsuite hostname="DESKTOP-DDCEQUV" failures="0" tests="2" name="TestNGFlags.Flag2" time="0.008" errors="0" timestamp="2022-06-06T20:50:20 GMT-07:00" skipped="1">
  <testcase classname="TestNGFlags.Flag2" name="login" time="0.008"/>
  <system-out>
    <![CDATA[login performed]]>
  </system-out>
  <testcase classname="TestNGFlags.Flag2" name="logout">
    <skipped/>
  </testcase> <!-- logout -->
  <system-out/>
</testsuite> <!-- TestNGFlags.Flag2 -->
