<?xml version="1.0" encoding="UTF-8"?>
<!-- Generated by org.testng.reporters.JUnitReportReporter -->
<testsuite hostname="DESKTOP-DDCEQUV" failures="0" tests="5" name="TestAnnotations.DataProvider" time="22.070" errors="0" timestamp="2022-06-09T20:30:41 GMT-07:00" skipped="0">
  <testcase classname="TestAnnotations.DataProvider" name="loginToActiTime" time="3.842"/>
  <system-out/>
  <testcase classname="TestAnnotations.DataProvider" name="loginToActiTime" time="3.905"/>
  <system-out/>
  <testcase classname="TestAnnotations.DataProvider" name="loginToActiTime" time="6.639"/>
  <system-out/>
  <testcase classname="TestAnnotations.DataProvider" name="loginToActiTime" time="3.802"/>
  <system-out/>
  <testcase classname="TestAnnotations.DataProvider" name="loginToActiTime" time="3.882"/>
  <system-out/>
</testsuite> <!-- TestAnnotations.DataProvider -->
